{
  "RSpec": {
    "coverage": {
      "/home/mathematical-bug-2937/tic-tac-toe-rb-london-whitehat-1908/lib/tic_tac_toe.rb": [
        null,
        1,
        null,
        null,
        null,
        null,
        null,
        null,
        null,
        null,
        null,
        1,
        null,
        1,
        24,
        24,
        24,
        24,
        24,
        null,
        null,
        1,
        23,
        null,
        null,
        1,
        22,
        null,
        null,
        1,
        23,
        null,
        null,
        1,
        25,
        null,
        null,
        1,
        21,
        21,
        189,
        31,
        null,
        null,
        21,
        null,
        null,
        1,
        20,
        14,
        null,
        6,
        null,
        null,
        null,
        1,
        37,
        37,
        800,
        15,
        626,
        2,
        null,
        279,
        null,
        null,
        37,
        13,
        null,
        24,
        null,
        null,
        null,
        1,
        103,
        null,
        null,
        1,
        23,
        null,
        null,
        1,
        21,
        null,
        null,
        1,
        3,
        3,
        58,
        1,
        49,
        1,
        null,
        null,
        null,
        null,
        1,
        20,
        20,
        20,
        20,
        19,
        19,
        null,
        1,
        null,
        null,
        null,
        1,
        12,
        17,
        null,
        null
      ]
    },
    "timestamp": 1565252946
  }
}
